<?xml version="1.0" encoding="UTF-8"?>
<!-- Generated by org.testng.reporters.JUnitReportReporter -->
<testsuite hostname="MK-PC" failures="0" tests="1" name="com.runner.TestRUNNER" time="18.492" errors="0" timestamp="04 Jun 2020 06:40:28 GMT" skipped="0">
  <testcase classname="com.runner.TestRUNNER" name="feature" time="18.492"/>
</testsuite> <!-- com.runner.TestRUNNER -->
